{"C:\\Users\\alexa\\OneDrive - Københavns Erhvervsakademi\\SoftwareDevelupment\\2.sem\\Testing\\test_course\\05_acceptence_test\\TDD.js": {"path":"C:\\Users\\alexa\\OneDrive - Københavns Erhvervsakademi\\SoftwareDevelupment\\2.sem\\Testing\\test_course\\05_acceptence_test\\TDD.js","statementMap":{"0":{"start":{"line":4,"column":23},"end":{"line":12,"column":1}},"1":{"start":{"line":5,"column":19},"end":{"line":5,"column":21}},"2":{"start":{"line":7,"column":4},"end":{"line":9,"column":5}},"3":{"start":{"line":8,"column":8},"end":{"line":8,"column":27}},"4":{"start":{"line":11,"column":4},"end":{"line":11,"column":18}},"5":{"start":{"line":14,"column":17},"end":{"line":23,"column":1}},"6":{"start":{"line":16,"column":23},"end":{"line":16,"column":68}},"7":{"start":{"line":17,"column":23},"end":{"line":17,"column":68}},"8":{"start":{"line":19,"column":24},"end":{"line":19,"column":60}},"9":{"start":{"line":20,"column":24},"end":{"line":20,"column":60}},"10":{"start":{"line":22,"column":4},"end":{"line":22,"column":39}},"11":{"start":{"line":25,"column":0},"end":{"line":25,"column":28}},"12":{"start":{"line":27,"column":0},"end":{"line":27,"column":40}}},"fnMap":{"0":{"name":"(anonymous_0)","decl":{"start":{"line":4,"column":23},"end":{"line":4,"column":24}},"loc":{"start":{"line":4,"column":38},"end":{"line":12,"column":1}},"line":4},"1":{"name":"(anonymous_1)","decl":{"start":{"line":14,"column":17},"end":{"line":14,"column":18}},"loc":{"start":{"line":14,"column":40},"end":{"line":23,"column":1}},"line":14}},"branchMap":{},"s":{"0":1,"1":3,"2":3,"3":15,"4":3,"5":1,"6":4,"7":4,"8":4,"9":4,"10":4,"11":1,"12":1},"f":{"0":3,"1":4},"b":{},"_coverageSchema":"1a1c01bbd47fc00a2c39e90264f33305004495a9","hash":"89cf5053c0a7352418b188a0cd485c5a7862287b"}
}
