{"C:\\Users\\alexa\\OneDrive - Københavns Erhvervsakademi\\SoftwareDevelupment\\2.sem\\Testing\\test_course\\02_black_box_empl\\check.js": {"path":"C:\\Users\\alexa\\OneDrive - Københavns Erhvervsakademi\\SoftwareDevelupment\\2.sem\\Testing\\test_course\\02_black_box_empl\\check.js","statementMap":{"0":{"start":{"line":2,"column":19},"end":{"line":8,"column":1}},"1":{"start":{"line":3,"column":4},"end":{"line":5,"column":5}},"2":{"start":{"line":4,"column":8},"end":{"line":4,"column":21}},"3":{"start":{"line":6,"column":4},"end":{"line":6,"column":32}},"4":{"start":{"line":7,"column":4},"end":{"line":7,"column":16}},"5":{"start":{"line":10,"column":23},"end":{"line":16,"column":1}},"6":{"start":{"line":11,"column":0},"end":{"line":13,"column":5}},"7":{"start":{"line":12,"column":8},"end":{"line":12,"column":21}},"8":{"start":{"line":14,"column":4},"end":{"line":14,"column":30}},"9":{"start":{"line":15,"column":4},"end":{"line":15,"column":16}},"10":{"start":{"line":19,"column":0},"end":{"line":19,"column":32}},"11":{"start":{"line":20,"column":0},"end":{"line":20,"column":40}}},"fnMap":{"0":{"name":"(anonymous_0)","decl":{"start":{"line":2,"column":19},"end":{"line":2,"column":20}},"loc":{"start":{"line":2,"column":34},"end":{"line":8,"column":1}},"line":2},"1":{"name":"(anonymous_1)","decl":{"start":{"line":10,"column":23},"end":{"line":10,"column":24}},"loc":{"start":{"line":10,"column":42},"end":{"line":16,"column":1}},"line":10}},"branchMap":{"0":{"loc":{"start":{"line":3,"column":4},"end":{"line":5,"column":5}},"type":"if","locations":[{"start":{"line":3,"column":4},"end":{"line":5,"column":5}},{"start":{},"end":{}}],"line":3},"1":{"loc":{"start":{"line":3,"column":7},"end":{"line":3,"column":42}},"type":"binary-expr","locations":[{"start":{"line":3,"column":7},"end":{"line":3,"column":12}},{"start":{"line":3,"column":16},"end":{"line":3,"column":22}},{"start":{"line":3,"column":26},"end":{"line":3,"column":32}},{"start":{"line":3,"column":36},"end":{"line":3,"column":42}}],"line":3},"2":{"loc":{"start":{"line":11,"column":0},"end":{"line":13,"column":5}},"type":"if","locations":[{"start":{"line":11,"column":0},"end":{"line":13,"column":5}},{"start":{},"end":{}}],"line":11},"3":{"loc":{"start":{"line":11,"column":3},"end":{"line":11,"column":46}},"type":"binary-expr","locations":[{"start":{"line":11,"column":3},"end":{"line":11,"column":22}},{"start":{"line":11,"column":26},"end":{"line":11,"column":46}}],"line":11}},"s":{"0":1,"1":4,"2":2,"3":2,"4":2,"5":1,"6":2,"7":1,"8":1,"9":1,"10":1,"11":1},"f":{"0":4,"1":2},"b":{"0":[2,2],"1":[4,4,3,2],"2":[1,1],"3":[2,1]},"_coverageSchema":"1a1c01bbd47fc00a2c39e90264f33305004495a9","hash":"13daa67ee9b12e08d2326a3c4225736c5be64226"}
}
