<?xml version="1.0" encoding="UTF-8"?>
<coverage generated="1696351908616" clover="3.2.0">
  <project timestamp="1696351908617" name="All files">
    <metrics statements="13" coveredstatements="13" conditionals="4" coveredconditionals="4" methods="1" coveredmethods="1" elements="18" coveredelements="18" complexity="0" loc="13" ncloc="13" packages="1" files="1" classes="1"/>
    <file name="romanNum.js" path="C:\Users\alexa\OneDrive - Københavns Erhvervsakademi\SoftwareDevelupment\2.sem\Testing\test_course\01_Introduction_assignment_cal\opgaver\romanNum.js">
      <metrics statements="13" coveredstatements="13" conditionals="4" coveredconditionals="4" methods="1" coveredmethods="1"/>
      <line num="3" count="31" type="stmt"/>
      <line num="12" count="31" type="stmt"/>
      <line num="14" count="31" type="stmt"/>
      <line num="15" count="57" type="stmt"/>
      <line num="16" count="57" type="stmt"/>
      <line num="18" count="57" type="cond" truecount="4" falsecount="0"/>
      <line num="19" count="20" type="stmt"/>
      <line num="20" count="20" type="stmt"/>
      <line num="22" count="37" type="stmt"/>
      <line num="25" count="31" type="stmt"/>
      <line num="29" count="1" type="stmt"/>
      <line num="30" count="1" type="stmt"/>
      <line num="32" count="1" type="stmt"/>
    </file>
  </project>
</coverage>
