<?xml version="1.0" encoding="UTF-8"?>
<coverage generated="1697110816065" clover="3.2.0">
  <project timestamp="1697110816065" name="All files">
    <metrics statements="25" coveredstatements="25" conditionals="4" coveredconditionals="4" methods="5" coveredmethods="5" elements="34" coveredelements="34" complexity="0" loc="25" ncloc="25" packages="1" files="2" classes="2"/>
    <file name="calculater.js" path="C:\Users\alexa\OneDrive - Københavns Erhvervsakademi\SoftwareDevelupment\2.sem\Testing\test_course\01_Introduction_assignment_cal\opgaver\calculater.js">
      <metrics statements="12" coveredstatements="12" conditionals="0" coveredconditionals="0" methods="4" coveredmethods="4"/>
      <line num="3" count="1" type="stmt"/>
      <line num="4" count="1" type="stmt"/>
      <line num="9" count="1" type="stmt"/>
      <line num="10" count="1" type="stmt"/>
      <line num="15" count="1" type="stmt"/>
      <line num="16" count="1" type="stmt"/>
      <line num="21" count="1" type="stmt"/>
      <line num="22" count="1" type="stmt"/>
      <line num="26" count="1" type="stmt"/>
      <line num="27" count="1" type="stmt"/>
      <line num="28" count="1" type="stmt"/>
      <line num="29" count="1" type="stmt"/>
    </file>
    <file name="romanNum.js" path="C:\Users\alexa\OneDrive - Københavns Erhvervsakademi\SoftwareDevelupment\2.sem\Testing\test_course\01_Introduction_assignment_cal\opgaver\romanNum.js">
      <metrics statements="13" coveredstatements="13" conditionals="4" coveredconditionals="4" methods="1" coveredmethods="1"/>
      <line num="3" count="31" type="stmt"/>
      <line num="12" count="31" type="stmt"/>
      <line num="14" count="31" type="stmt"/>
      <line num="15" count="57" type="stmt"/>
      <line num="16" count="57" type="stmt"/>
      <line num="18" count="57" type="cond" truecount="4" falsecount="0"/>
      <line num="19" count="20" type="stmt"/>
      <line num="20" count="20" type="stmt"/>
      <line num="22" count="37" type="stmt"/>
      <line num="25" count="31" type="stmt"/>
      <line num="29" count="1" type="stmt"/>
      <line num="30" count="1" type="stmt"/>
      <line num="32" count="1" type="stmt"/>
    </file>
  </project>
</coverage>
