{"C:\\Users\\alexa\\OneDrive - Københavns Erhvervsakademi\\SoftwareDevelupment\\2.sem\\Testing\\test_course\\01_Introduction_assignment_cal\\opgaver\\romanNum.js": {"path":"C:\\Users\\alexa\\OneDrive - Københavns Erhvervsakademi\\SoftwareDevelupment\\2.sem\\Testing\\test_course\\01_Introduction_assignment_cal\\opgaver\\romanNum.js","statementMap":{"0":{"start":{"line":3,"column":24},"end":{"line":11,"column":5}},"1":{"start":{"line":12,"column":21},"end":{"line":12,"column":22}},"2":{"start":{"line":14,"column":4},"end":{"line":24,"column":5}},"3":{"start":{"line":14,"column":17},"end":{"line":14,"column":18}},"4":{"start":{"line":15,"column":24},"end":{"line":15,"column":45}},"5":{"start":{"line":16,"column":21},"end":{"line":16,"column":46}},"6":{"start":{"line":18,"column":8},"end":{"line":23,"column":9}},"7":{"start":{"line":19,"column":12},"end":{"line":19,"column":37}},"8":{"start":{"line":20,"column":12},"end":{"line":20,"column":16}},"9":{"start":{"line":22,"column":12},"end":{"line":22,"column":30}},"10":{"start":{"line":25,"column":4},"end":{"line":25,"column":18}},"11":{"start":{"line":29,"column":21},"end":{"line":29,"column":30}},"12":{"start":{"line":30,"column":26},"end":{"line":30,"column":50}},"13":{"start":{"line":32,"column":0},"end":{"line":32,"column":32}}},"fnMap":{"0":{"name":"romanToInt","decl":{"start":{"line":1,"column":9},"end":{"line":1,"column":19}},"loc":{"start":{"line":1,"column":26},"end":{"line":26,"column":1}},"line":1}},"branchMap":{"0":{"loc":{"start":{"line":18,"column":8},"end":{"line":23,"column":9}},"type":"if","locations":[{"start":{"line":18,"column":8},"end":{"line":23,"column":9}},{"start":{"line":21,"column":15},"end":{"line":23,"column":9}}],"line":18},"1":{"loc":{"start":{"line":18,"column":12},"end":{"line":18,"column":34}},"type":"binary-expr","locations":[{"start":{"line":18,"column":12},"end":{"line":18,"column":16}},{"start":{"line":18,"column":20},"end":{"line":18,"column":34}}],"line":18}},"s":{"0":31,"1":31,"2":31,"3":31,"4":57,"5":57,"6":57,"7":20,"8":20,"9":37,"10":31,"11":1,"12":1,"13":1},"f":{"0":31},"b":{"0":[20,37],"1":[57,40]},"_coverageSchema":"1a1c01bbd47fc00a2c39e90264f33305004495a9","hash":"abb3b24386f2dc4fb8332567fef97416204fd6ea"}
}
