TN:
SF:opgaver\calculater.js
FN:3,(anonymous_0)
FN:9,(anonymous_1)
FN:15,(anonymous_2)
FN:21,(anonymous_3)
FNF:4
FNH:4
FNDA:1,(anonymous_0)
FNDA:1,(anonymous_1)
FNDA:1,(anonymous_2)
FNDA:1,(anonymous_3)
DA:3,1
DA:4,1
DA:9,1
DA:10,1
DA:15,1
DA:16,1
DA:21,1
DA:22,1
DA:26,1
DA:27,1
DA:28,1
DA:29,1
LF:12
LH:12
BRF:0
BRH:0
end_of_record
TN:
SF:opgaver\romanNum.js
FN:1,romanToInt
FNF:1
FNH:1
FNDA:31,romanToInt
DA:3,31
DA:12,31
DA:14,31
DA:15,57
DA:16,57
DA:18,57
DA:19,20
DA:20,20
DA:22,37
DA:25,31
DA:29,1
DA:30,1
DA:32,1
LF:13
LH:13
BRDA:18,0,0,20
BRDA:18,0,1,37
BRDA:18,1,0,57
BRDA:18,1,1,40
BRF:4
BRH:4
end_of_record
