<?xml version="1.0" encoding="UTF-8"?>
<coverage generated="1696356868340" clover="3.2.0">
  <project timestamp="1696356868341" name="All files">
    <metrics statements="61" coveredstatements="49" conditionals="27" coveredconditionals="12" methods="22" coveredmethods="21" elements="110" coveredelements="82" complexity="0" loc="61" ncloc="61" packages="1" files="1" classes="1"/>
    <file name="employee.js" path="C:\Users\alexa\OneDrive - Københavns Erhvervsakademi\SoftwareDevelupment\2.sem\Testing\test_course\03_unit_test_empl\employee.js">
      <metrics statements="61" coveredstatements="49" conditionals="27" coveredconditionals="12" methods="22" coveredmethods="21"/>
      <line num="13" count="10" type="stmt"/>
      <line num="14" count="10" type="stmt"/>
      <line num="15" count="10" type="stmt"/>
      <line num="16" count="10" type="stmt"/>
      <line num="17" count="10" type="stmt"/>
      <line num="18" count="10" type="stmt"/>
      <line num="19" count="10" type="stmt"/>
      <line num="20" count="10" type="stmt"/>
      <line num="21" count="10" type="stmt"/>
      <line num="26" count="7" type="stmt"/>
      <line num="30" count="7" type="stmt"/>
      <line num="34" count="7" type="stmt"/>
      <line num="38" count="4" type="stmt"/>
      <line num="42" count="4" type="stmt"/>
      <line num="46" count="1" type="stmt"/>
      <line num="47" count="1" type="stmt"/>
      <line num="52" count="0" type="stmt"/>
      <line num="56" count="3" type="stmt"/>
      <line num="60" count="3" type="stmt"/>
      <line num="64" count="4" type="stmt"/>
      <line num="68" count="2" type="stmt"/>
      <line num="72" count="1" type="cond" truecount="2" falsecount="3"/>
      <line num="73" count="1" type="stmt"/>
      <line num="74" count="0" type="cond" truecount="0" falsecount="4"/>
      <line num="75" count="0" type="stmt"/>
      <line num="77" count="0" type="stmt"/>
      <line num="83" count="10" type="cond" truecount="1" falsecount="1"/>
      <line num="84" count="10" type="stmt"/>
      <line num="86" count="0" type="stmt"/>
      <line num="91" count="10" type="cond" truecount="1" falsecount="1"/>
      <line num="92" count="10" type="stmt"/>
      <line num="94" count="0" type="stmt"/>
      <line num="99" count="10" type="cond" truecount="1" falsecount="1"/>
      <line num="100" count="10" type="stmt"/>
      <line num="102" count="0" type="stmt"/>
      <line num="107" count="10" type="stmt"/>
      <line num="108" count="10" type="cond" truecount="1" falsecount="1"/>
      <line num="109" count="10" type="stmt"/>
      <line num="111" count="0" type="stmt"/>
      <line num="116" count="10" type="cond" truecount="3" falsecount="1"/>
      <line num="117" count="10" type="stmt"/>
      <line num="119" count="0" type="stmt"/>
      <line num="124" count="10" type="stmt"/>
      <line num="125" count="10" type="cond" truecount="1" falsecount="1"/>
      <line num="126" count="10" type="stmt"/>
      <line num="128" count="0" type="stmt"/>
      <line num="133" count="10" type="stmt"/>
      <line num="134" count="10" type="stmt"/>
      <line num="135" count="10" type="stmt"/>
      <line num="137" count="10" type="cond" truecount="1" falsecount="1"/>
      <line num="138" count="10" type="stmt"/>
      <line num="140" count="0" type="stmt"/>
      <line num="145" count="10" type="stmt"/>
      <line num="146" count="10" type="stmt"/>
      <line num="148" count="10" type="cond" truecount="1" falsecount="1"/>
      <line num="149" count="10" type="stmt"/>
      <line num="151" count="0" type="stmt"/>
      <line num="157" count="10" type="stmt"/>
      <line num="162" count="1" type="stmt"/>
      <line num="163" count="1" type="stmt"/>
      <line num="164" count="1" type="stmt"/>
    </file>
  </project>
</coverage>
