{"C:\\Users\\alexa\\OneDrive - Københavns Erhvervsakademi\\SoftwareDevelupment\\2.sem\\Testing\\test_course\\03_unit_test_empl\\employee.js": {"path":"C:\\Users\\alexa\\OneDrive - Københavns Erhvervsakademi\\SoftwareDevelupment\\2.sem\\Testing\\test_course\\03_unit_test_empl\\employee.js","statementMap":{"0":{"start":{"line":13,"column":8},"end":{"line":13,"column":25}},"1":{"start":{"line":14,"column":8},"end":{"line":14,"column":37}},"2":{"start":{"line":15,"column":8},"end":{"line":15,"column":35}},"3":{"start":{"line":16,"column":8},"end":{"line":16,"column":39}},"4":{"start":{"line":17,"column":8},"end":{"line":17,"column":40}},"5":{"start":{"line":18,"column":8},"end":{"line":18,"column":47}},"6":{"start":{"line":19,"column":8},"end":{"line":19,"column":41}},"7":{"start":{"line":20,"column":8},"end":{"line":20,"column":51}},"8":{"start":{"line":21,"column":8},"end":{"line":21,"column":33}},"9":{"start":{"line":26,"column":4},"end":{"line":26,"column":21}},"10":{"start":{"line":30,"column":4},"end":{"line":30,"column":27}},"11":{"start":{"line":34,"column":4},"end":{"line":34,"column":26}},"12":{"start":{"line":38,"column":4},"end":{"line":38,"column":28}},"13":{"start":{"line":42,"column":4},"end":{"line":42,"column":28}},"14":{"start":{"line":46,"column":28},"end":{"line":46,"column":72}},"15":{"start":{"line":47,"column":4},"end":{"line":47,"column":49}},"16":{"start":{"line":52,"column":4},"end":{"line":52,"column":60}},"17":{"start":{"line":56,"column":4},"end":{"line":56,"column":29}},"18":{"start":{"line":60,"column":4},"end":{"line":60,"column":34}},"19":{"start":{"line":64,"column":4},"end":{"line":64,"column":25}},"20":{"start":{"line":68,"column":4},"end":{"line":68,"column":83}},"21":{"start":{"line":72,"column":8},"end":{"line":78,"column":9}},"22":{"start":{"line":73,"column":12},"end":{"line":73,"column":21}},"23":{"start":{"line":74,"column":15},"end":{"line":78,"column":9}},"24":{"start":{"line":75,"column":12},"end":{"line":75,"column":22}},"25":{"start":{"line":77,"column":12},"end":{"line":77,"column":23}},"26":{"start":{"line":83,"column":4},"end":{"line":87,"column":5}},"27":{"start":{"line":84,"column":8},"end":{"line":84,"column":24}},"28":{"start":{"line":86,"column":8},"end":{"line":86,"column":49}},"29":{"start":{"line":91,"column":4},"end":{"line":95,"column":5}},"30":{"start":{"line":92,"column":8},"end":{"line":92,"column":36}},"31":{"start":{"line":94,"column":8},"end":{"line":94,"column":109}},"32":{"start":{"line":99,"column":4},"end":{"line":103,"column":5}},"33":{"start":{"line":100,"column":8},"end":{"line":100,"column":34}},"34":{"start":{"line":102,"column":8},"end":{"line":102,"column":108}},"35":{"start":{"line":107,"column":29},"end":{"line":107,"column":81}},"36":{"start":{"line":108,"column":4},"end":{"line":112,"column":5}},"37":{"start":{"line":109,"column":8},"end":{"line":109,"column":38}},"38":{"start":{"line":111,"column":8},"end":{"line":111,"column":108}},"39":{"start":{"line":116,"column":4},"end":{"line":120,"column":5}},"40":{"start":{"line":117,"column":8},"end":{"line":117,"column":38}},"41":{"start":{"line":119,"column":8},"end":{"line":119,"column":99}},"42":{"start":{"line":124,"column":35},"end":{"line":124,"column":47}},"43":{"start":{"line":125,"column":4},"end":{"line":129,"column":5}},"44":{"start":{"line":126,"column":8},"end":{"line":126,"column":46}},"45":{"start":{"line":128,"column":8},"end":{"line":128,"column":125}},"46":{"start":{"line":133,"column":24},"end":{"line":133,"column":34}},"47":{"start":{"line":134,"column":22},"end":{"line":134,"column":43}},"48":{"start":{"line":135,"column":23},"end":{"line":135,"column":74}},"49":{"start":{"line":137,"column":4},"end":{"line":141,"column":5}},"50":{"start":{"line":138,"column":8},"end":{"line":138,"column":40}},"51":{"start":{"line":140,"column":8},"end":{"line":140,"column":90}},"52":{"start":{"line":145,"column":24},"end":{"line":145,"column":34}},"53":{"start":{"line":146,"column":27},"end":{"line":146,"column":53}},"54":{"start":{"line":148,"column":4},"end":{"line":152,"column":5}},"55":{"start":{"line":149,"column":8},"end":{"line":149,"column":50}},"56":{"start":{"line":151,"column":8},"end":{"line":151,"column":83}},"57":{"start":{"line":157,"column":4},"end":{"line":157,"column":28}},"58":{"start":{"line":162,"column":17},"end":{"line":162,"column":129}},"59":{"start":{"line":163,"column":0},"end":{"line":163,"column":301}},"60":{"start":{"line":164,"column":0},"end":{"line":164,"column":26}}},"fnMap":{"0":{"name":"(anonymous_0)","decl":{"start":{"line":12,"column":4},"end":{"line":12,"column":5}},"loc":{"start":{"line":12,"column":122},"end":{"line":22,"column":9}},"line":12},"1":{"name":"(anonymous_1)","decl":{"start":{"line":25,"column":4},"end":{"line":25,"column":5}},"loc":{"start":{"line":25,"column":14},"end":{"line":27,"column":5}},"line":25},"2":{"name":"(anonymous_2)","decl":{"start":{"line":29,"column":4},"end":{"line":29,"column":5}},"loc":{"start":{"line":29,"column":20},"end":{"line":31,"column":5}},"line":29},"3":{"name":"(anonymous_3)","decl":{"start":{"line":33,"column":4},"end":{"line":33,"column":5}},"loc":{"start":{"line":33,"column":19},"end":{"line":35,"column":5}},"line":33},"4":{"name":"(anonymous_4)","decl":{"start":{"line":37,"column":4},"end":{"line":37,"column":5}},"loc":{"start":{"line":37,"column":21},"end":{"line":39,"column":5}},"line":37},"5":{"name":"(anonymous_5)","decl":{"start":{"line":41,"column":4},"end":{"line":41,"column":5}},"loc":{"start":{"line":41,"column":21},"end":{"line":43,"column":5}},"line":41},"6":{"name":"(anonymous_6)","decl":{"start":{"line":45,"column":4},"end":{"line":45,"column":5}},"loc":{"start":{"line":45,"column":25},"end":{"line":48,"column":5}},"line":45},"7":{"name":"(anonymous_7)","decl":{"start":{"line":50,"column":4},"end":{"line":50,"column":5}},"loc":{"start":{"line":50,"column":17},"end":{"line":53,"column":5}},"line":50},"8":{"name":"(anonymous_8)","decl":{"start":{"line":55,"column":4},"end":{"line":55,"column":5}},"loc":{"start":{"line":55,"column":22},"end":{"line":57,"column":5}},"line":55},"9":{"name":"(anonymous_9)","decl":{"start":{"line":59,"column":4},"end":{"line":59,"column":5}},"loc":{"start":{"line":59,"column":27},"end":{"line":61,"column":5}},"line":59},"10":{"name":"(anonymous_10)","decl":{"start":{"line":63,"column":4},"end":{"line":63,"column":5}},"loc":{"start":{"line":63,"column":18},"end":{"line":65,"column":5}},"line":63},"11":{"name":"(anonymous_11)","decl":{"start":{"line":67,"column":4},"end":{"line":67,"column":5}},"loc":{"start":{"line":67,"column":19},"end":{"line":69,"column":5}},"line":67},"12":{"name":"(anonymous_12)","decl":{"start":{"line":71,"column":4},"end":{"line":71,"column":5}},"loc":{"start":{"line":71,"column":23},"end":{"line":79,"column":5}},"line":71},"13":{"name":"(anonymous_13)","decl":{"start":{"line":82,"column":4},"end":{"line":82,"column":5}},"loc":{"start":{"line":82,"column":16},"end":{"line":88,"column":5}},"line":82},"14":{"name":"(anonymous_14)","decl":{"start":{"line":90,"column":4},"end":{"line":90,"column":5}},"loc":{"start":{"line":90,"column":28},"end":{"line":96,"column":5}},"line":90},"15":{"name":"(anonymous_15)","decl":{"start":{"line":98,"column":4},"end":{"line":98,"column":5}},"loc":{"start":{"line":98,"column":26},"end":{"line":104,"column":5}},"line":98},"16":{"name":"(anonymous_16)","decl":{"start":{"line":106,"column":4},"end":{"line":106,"column":5}},"loc":{"start":{"line":106,"column":30},"end":{"line":113,"column":5}},"line":106},"17":{"name":"(anonymous_17)","decl":{"start":{"line":115,"column":4},"end":{"line":115,"column":5}},"loc":{"start":{"line":115,"column":31},"end":{"line":121,"column":5}},"line":115},"18":{"name":"(anonymous_18)","decl":{"start":{"line":123,"column":4},"end":{"line":123,"column":5}},"loc":{"start":{"line":123,"column":38},"end":{"line":130,"column":5}},"line":123},"19":{"name":"(anonymous_19)","decl":{"start":{"line":132,"column":4},"end":{"line":132,"column":5}},"loc":{"start":{"line":132,"column":32},"end":{"line":142,"column":5}},"line":132},"20":{"name":"(anonymous_20)","decl":{"start":{"line":144,"column":4},"end":{"line":144,"column":5}},"loc":{"start":{"line":144,"column":42},"end":{"line":153,"column":5}},"line":144},"21":{"name":"(anonymous_21)","decl":{"start":{"line":155,"column":4},"end":{"line":155,"column":5}},"loc":{"start":{"line":155,"column":24},"end":{"line":158,"column":5}},"line":155}},"branchMap":{"0":{"loc":{"start":{"line":72,"column":8},"end":{"line":78,"column":9}},"type":"if","locations":[{"start":{"line":72,"column":8},"end":{"line":78,"column":9}},{"start":{"line":74,"column":15},"end":{"line":78,"column":9}}],"line":72},"1":{"loc":{"start":{"line":72,"column":12},"end":{"line":72,"column":99}},"type":"binary-expr","locations":[{"start":{"line":72,"column":12},"end":{"line":72,"column":39}},{"start":{"line":72,"column":43},"end":{"line":72,"column":69}},{"start":{"line":72,"column":73},"end":{"line":72,"column":99}}],"line":72},"2":{"loc":{"start":{"line":74,"column":15},"end":{"line":78,"column":9}},"type":"if","locations":[{"start":{"line":74,"column":15},"end":{"line":78,"column":9}},{"start":{"line":76,"column":15},"end":{"line":78,"column":9}}],"line":74},"3":{"loc":{"start":{"line":74,"column":19},"end":{"line":74,"column":77}},"type":"binary-expr","locations":[{"start":{"line":74,"column":19},"end":{"line":74,"column":46}},{"start":{"line":74,"column":50},"end":{"line":74,"column":77}}],"line":74},"4":{"loc":{"start":{"line":83,"column":4},"end":{"line":87,"column":5}},"type":"if","locations":[{"start":{"line":83,"column":4},"end":{"line":87,"column":5}},{"start":{"line":85,"column":11},"end":{"line":87,"column":5}}],"line":83},"5":{"loc":{"start":{"line":91,"column":4},"end":{"line":95,"column":5}},"type":"if","locations":[{"start":{"line":91,"column":4},"end":{"line":95,"column":5}},{"start":{"line":93,"column":11},"end":{"line":95,"column":5}}],"line":91},"6":{"loc":{"start":{"line":99,"column":4},"end":{"line":103,"column":5}},"type":"if","locations":[{"start":{"line":99,"column":4},"end":{"line":103,"column":5}},{"start":{"line":101,"column":11},"end":{"line":103,"column":5}}],"line":99},"7":{"loc":{"start":{"line":108,"column":4},"end":{"line":112,"column":5}},"type":"if","locations":[{"start":{"line":108,"column":4},"end":{"line":112,"column":5}},{"start":{"line":110,"column":11},"end":{"line":112,"column":5}}],"line":108},"8":{"loc":{"start":{"line":116,"column":4},"end":{"line":120,"column":5}},"type":"if","locations":[{"start":{"line":116,"column":4},"end":{"line":120,"column":5}},{"start":{"line":118,"column":11},"end":{"line":120,"column":5}}],"line":116},"9":{"loc":{"start":{"line":116,"column":8},"end":{"line":116,"column":51}},"type":"binary-expr","locations":[{"start":{"line":116,"column":8},"end":{"line":116,"column":27}},{"start":{"line":116,"column":31},"end":{"line":116,"column":51}}],"line":116},"10":{"loc":{"start":{"line":125,"column":4},"end":{"line":129,"column":5}},"type":"if","locations":[{"start":{"line":125,"column":4},"end":{"line":129,"column":5}},{"start":{"line":127,"column":11},"end":{"line":129,"column":5}}],"line":125},"11":{"loc":{"start":{"line":137,"column":4},"end":{"line":141,"column":5}},"type":"if","locations":[{"start":{"line":137,"column":4},"end":{"line":141,"column":5}},{"start":{"line":139,"column":11},"end":{"line":141,"column":5}}],"line":137},"12":{"loc":{"start":{"line":148,"column":4},"end":{"line":152,"column":5}},"type":"if","locations":[{"start":{"line":148,"column":4},"end":{"line":152,"column":5}},{"start":{"line":150,"column":11},"end":{"line":152,"column":5}}],"line":148}},"s":{"0":10,"1":10,"2":10,"3":10,"4":10,"5":10,"6":10,"7":10,"8":10,"9":7,"10":7,"11":7,"12":4,"13":4,"14":1,"15":1,"16":0,"17":3,"18":3,"19":4,"20":2,"21":1,"22":1,"23":0,"24":0,"25":0,"26":10,"27":10,"28":0,"29":10,"30":10,"31":0,"32":10,"33":10,"34":0,"35":10,"36":10,"37":10,"38":0,"39":10,"40":10,"41":0,"42":10,"43":10,"44":10,"45":0,"46":10,"47":10,"48":10,"49":10,"50":10,"51":0,"52":10,"53":10,"54":10,"55":10,"56":0,"57":10,"58":1,"59":1,"60":1},"f":{"0":10,"1":7,"2":7,"3":7,"4":4,"5":4,"6":1,"7":0,"8":3,"9":3,"10":4,"11":2,"12":1,"13":10,"14":10,"15":10,"16":10,"17":10,"18":10,"19":10,"20":10,"21":10},"b":{"0":[1,0],"1":[1,0,0],"2":[0,0],"3":[0,0],"4":[10,0],"5":[10,0],"6":[10,0],"7":[10,0],"8":[10,0],"9":[10,10],"10":[10,0],"11":[10,0],"12":[10,0]},"_coverageSchema":"1a1c01bbd47fc00a2c39e90264f33305004495a9","hash":"11ad7f655d2a956c5fa4a3fa526f0b64a8754d5d"}
}
