TN:
SF:employee.js
FN:12,(anonymous_0)
FN:25,(anonymous_1)
FN:29,(anonymous_2)
FN:33,(anonymous_3)
FN:37,(anonymous_4)
FN:41,(anonymous_5)
FN:45,(anonymous_6)
FN:50,(anonymous_7)
FN:55,(anonymous_8)
FN:59,(anonymous_9)
FN:63,(anonymous_10)
FN:67,(anonymous_11)
FN:71,(anonymous_12)
FN:82,(anonymous_13)
FN:90,(anonymous_14)
FN:98,(anonymous_15)
FN:106,(anonymous_16)
FN:115,(anonymous_17)
FN:123,(anonymous_18)
FN:132,(anonymous_19)
FN:144,(anonymous_20)
FN:155,(anonymous_21)
FNF:22
FNH:21
FNDA:10,(anonymous_0)
FNDA:7,(anonymous_1)
FNDA:7,(anonymous_2)
FNDA:7,(anonymous_3)
FNDA:4,(anonymous_4)
FNDA:4,(anonymous_5)
FNDA:1,(anonymous_6)
FNDA:0,(anonymous_7)
FNDA:3,(anonymous_8)
FNDA:3,(anonymous_9)
FNDA:4,(anonymous_10)
FNDA:2,(anonymous_11)
FNDA:1,(anonymous_12)
FNDA:10,(anonymous_13)
FNDA:10,(anonymous_14)
FNDA:10,(anonymous_15)
FNDA:10,(anonymous_16)
FNDA:10,(anonymous_17)
FNDA:10,(anonymous_18)
FNDA:10,(anonymous_19)
FNDA:10,(anonymous_20)
FNDA:10,(anonymous_21)
DA:13,10
DA:14,10
DA:15,10
DA:16,10
DA:17,10
DA:18,10
DA:19,10
DA:20,10
DA:21,10
DA:26,7
DA:30,7
DA:34,7
DA:38,4
DA:42,4
DA:46,1
DA:47,1
DA:52,0
DA:56,3
DA:60,3
DA:64,4
DA:68,2
DA:72,1
DA:73,1
DA:74,0
DA:75,0
DA:77,0
DA:83,10
DA:84,10
DA:86,0
DA:91,10
DA:92,10
DA:94,0
DA:99,10
DA:100,10
DA:102,0
DA:107,10
DA:108,10
DA:109,10
DA:111,0
DA:116,10
DA:117,10
DA:119,0
DA:124,10
DA:125,10
DA:126,10
DA:128,0
DA:133,10
DA:134,10
DA:135,10
DA:137,10
DA:138,10
DA:140,0
DA:145,10
DA:146,10
DA:148,10
DA:149,10
DA:151,0
DA:157,10
DA:162,1
DA:163,1
DA:164,1
LF:61
LH:49
BRDA:72,0,0,1
BRDA:72,0,1,0
BRDA:72,1,0,1
BRDA:72,1,1,0
BRDA:72,1,2,0
BRDA:74,2,0,0
BRDA:74,2,1,0
BRDA:74,3,0,0
BRDA:74,3,1,0
BRDA:83,4,0,10
BRDA:83,4,1,0
BRDA:91,5,0,10
BRDA:91,5,1,0
BRDA:99,6,0,10
BRDA:99,6,1,0
BRDA:108,7,0,10
BRDA:108,7,1,0
BRDA:116,8,0,10
BRDA:116,8,1,0
BRDA:116,9,0,10
BRDA:116,9,1,10
BRDA:125,10,0,10
BRDA:125,10,1,0
BRDA:137,11,0,10
BRDA:137,11,1,0
BRDA:148,12,0,10
BRDA:148,12,1,0
BRF:27
BRH:12
end_of_record
